2026-04-30 23:48:06,400 | INFO | USER: 6138112591
2026-04-30 23:48:06,400 | INFO | USER: 6138112591
2026-04-30 23:48:06,401 | INFO | STEP: done
2026-04-30 23:48:06,402 | INFO | STEP: done
2026-04-30 23:48:06,402 | INFO | TEXT: 'Изменить рост'
2026-04-30 23:48:06,403 | INFO | TEXT: '🔙 Назад'
2026-04-30 23:48:06,403 | INFO | ENTER DONE HANDLER
2026-04-30 23:48:06,403 | INFO | ENTER DONE HANDLER
2026-04-30 23:48:06,403 | INFO | [SEND] 6138112591 -> Выбери кнопку
2026-04-30 23:48:06,404 | INFO | [STATE] 6138112591 -> height
2026-04-30 23:48:06,406 | INFO | [SEND] 6138112591 -> Введи рост
2026-04-30 23:48:06,562 | ERROR | [TELEGRAM ERROR] 6138112591 -> A request to the Telegram API was unsuccessful. Error code: 403. Description: Forbidden: bot was blocked by the user
2026-04-30 23:48:06,562 | WARNING | [BLOCKED USER] 6138112591
2026-04-30 23:48:06,582 | ERROR | [TELEGRAM ERROR] 6138112591 -> A request to the Telegram API was unsuccessful. Error code: 403. Description: Forbidden: bot was blocked by the user
2026-04-30 23:48:06,582 | WARNING | [BLOCKED USER] 6138112591
2026-04-30 23:48:23,816 | INFO | [STATE] 6138112591 -> height
2026-04-30 23:48:23,817 | INFO | [SEND] 6138112591 -> Введи рост:
2026-04-30 23:48:30,522 | INFO | USER: 6138112591
2026-04-30 23:48:30,524 | INFO | STEP: height
2026-04-30 23:48:30,524 | INFO | TEXT: 'Ьетерки'
2026-04-30 23:48:30,524 | INFO | ENTER HEIGHT HANDLER
2026-04-30 23:48:30,524 | INFO | [SEND] 6138112591 -> Введи число от 100 до 250
2026-04-30 23:48:40,780 | INFO | USER: 6138112591
2026-04-30 23:48:40,782 | INFO | STEP: height
2026-04-30 23:48:40,783 | INFO | TEXT: '635353-'
2026-04-30 23:48:40,783 | INFO | ENTER HEIGHT HANDLER
2026-04-30 23:48:40,784 | INFO | [SEND] 6138112591 -> Рост должен быть от 100 до 250 см
2026-04-30 23:48:48,444 | INFO | USER: 6138112591
2026-04-30 23:48:48,445 | INFO | STEP: height
2026-04-30 23:48:48,446 | INFO | TEXT: '200 см'
2026-04-30 23:48:48,446 | INFO | ENTER HEIGHT HANDLER
2026-04-30 23:48:48,446 | INFO | [DATA] 6138112591 | height = 200.0
2026-04-30 23:48:48,448 | INFO | [STATE] 6138112591 -> weight
2026-04-30 23:48:48,450 | INFO | [SEND] 6138112591 -> Теперь вес:
2026-04-30 23:48:56,531 | INFO | USER: 6138112591
2026-04-30 23:48:56,533 | INFO | STEP: weight
2026-04-30 23:48:56,533 | INFO | TEXT: 'Окоер'
2026-04-30 23:48:56,533 | INFO | ENTER WEIGHT HANDLER
2026-04-30 23:48:56,533 | INFO | [SEND] 6138112591 -> Введи число от 30 до 200
2026-04-30 23:49:00,525 | INFO | USER: 6138112591
2026-04-30 23:49:00,526 | INFO | STEP: weight
2026-04-30 23:49:00,526 | INFO | TEXT: '2234323'
2026-04-30 23:49:00,527 | INFO | ENTER WEIGHT HANDLER
2026-04-30 23:49:00,531 | INFO | [SEND] 6138112591 -> Вес должен быть от 30 до 200 кг
2026-04-30 23:49:06,710 | INFO | USER: 6138112591
2026-04-30 23:49:06,711 | INFO | STEP: weight
2026-04-30 23:49:06,711 | INFO | TEXT: '45'
2026-04-30 23:49:06,712 | INFO | ENTER WEIGHT HANDLER
2026-04-30 23:49:06,712 | INFO | [DATA] 6138112591 | weight = 45.0
2026-04-30 23:49:06,713 | INFO | [STATE] 6138112591 -> goal
2026-04-30 23:49:06,715 | INFO | [SEND] 6138112591 -> Какой вес хочешь достичь?
2026-04-30 23:49:15,942 | INFO | USER: 6138112591
2026-04-30 23:49:15,943 | INFO | STEP: goal
2026-04-30 23:49:15,943 | INFO | TEXT: '90'
2026-04-30 23:49:15,944 | INFO | ENTER GOAL HANDLER
2026-04-30 23:49:15,946 | INFO | [DATA] 6138112591 | goal = 90.0
2026-04-30 23:49:15,949 | INFO | [STATE] 6138112591 -> activity
2026-04-30 23:49:15,951 | INFO | [SEND] 6138112591 -> Выбери активность:
